<?xml version="1.0" encoding="UTF-8"?>
<!-- Generated by org.testng.reporters.JUnitXMLReporter -->
<testsuite ignored="2" hostname="LAPTOP-NTIC0IO9" failures="0" tests="1" name="Default test" time="56.611" errors="0" timestamp="2022-09-11T10:29:17 IST">
  <testcase classname="TestCases.SimpliLearnLoginTest" name="Test3" time="36.285"/>
  <testcase classname="TestCases.SimpliLearnLoginTest" name="Test1" time="0.0">
    <ignored/>
  </testcase> <!-- Test1 -->
  <testcase classname="TestCases.SimpliLearnLoginTest" name="Test2" time="0.0">
    <ignored/>
  </testcase> <!-- Test2 -->
</testsuite> <!-- Default test -->
