<?xml version="1.0" encoding="UTF-8"?>
<!-- Generated by org.testng.reporters.JUnitXMLReporter -->
<testsuite ignored="4" hostname="LAPTOP-NTIC0IO9" failures="0" tests="4" name="Test" time="176.998" errors="0" timestamp="2022-09-11T10:40:35 IST">
  <testcase classname="TestCases.SimpliLearnLoginTest" name="Test1" time="36.266"/>
  <testcase classname="TestCases.SimpliLearnLoginTest" name="Test2" time="42.431"/>
  <testcase classname="TestCases.SimpliLearnLoginTest" name="Test3" time="52.461"/>
  <testcase classname="TestCases.HomeTest" name="test1" time="0.001"/>
  <testcase classname="TestCases.BaseClass" name="@BeforeTest TestDataSetup" time="0.0">
    <ignored/>
  </testcase> <!-- @BeforeTest TestDataSetup -->
  <testcase classname="TestCases.BaseClass" name="@AfterTest testDataCleanup" time="0.0">
    <ignored/>
  </testcase> <!-- @AfterTest testDataCleanup -->
  <testcase classname="TestCases.BaseClass" name="@BeforeTest TestDataSetup" time="0.0">
    <ignored/>
  </testcase> <!-- @BeforeTest TestDataSetup -->
  <testcase classname="TestCases.BaseClass" name="@AfterTest testDataCleanup" time="0.0">
    <ignored/>
  </testcase> <!-- @AfterTest testDataCleanup -->
</testsuite> <!-- Test -->
