<?xml version="1.0" encoding="UTF-8"?>
<!-- Generated by org.testng.reporters.JUnitXMLReporter -->
<testsuite ignored="2" hostname="LAPTOP-NTIC0IO9" failures="0" tests="4" name="Test" time="297.145" errors="0" timestamp="2022-09-17T19:26:31 IST">
  <testcase classname="TestCases.BaseClass" name="@BeforeMethod testSetup" time="0.001">
    <failure type="java.lang.NullPointerException" message="Cannot invoke &amp;quot;com.relevantcodes.extentreports.ExtentReports.startTest(String)&amp;quot; because &amp;quot;this.report&amp;quot; is null">
      <![CDATA[java.lang.NullPointerException: Cannot invoke "com.relevantcodes.extentreports.ExtentReports.startTest(String)" because "this.report" is null
at TestCases.BaseClass.testSetup(BaseClass.java:55)
at java.base/java.util.ArrayList.forEach(ArrayList.java:1511)
... Removed 31 stack frames]]>
    </failure>
  </testcase> <!-- @BeforeMethod testSetup -->
  <testcase classname="TestCases.BaseClass" name="@AfterMethod TearDown" time="0.0">
    <skipped/>
  </testcase> <!-- @AfterMethod TearDown -->
  <testcase classname="TestCases.SimpliLearnLoginTest" name="Test1" time="73.046"/>
  <testcase classname="TestCases.SimpliLearnLoginTest" name="Test2" time="73.325"/>
  <testcase classname="TestCases.SimpliLearnLoginTest" name="Test3" time="79.604"/>
  <testcase classname="TestCases.HomeTest" name="test1" time="0.0">
    <skipped/>
  </testcase> <!-- test1 -->
  <testcase classname="TestCases.BaseClass" name="@AfterTest testDataCleanup" time="0.0">
    <ignored/>
  </testcase> <!-- @AfterTest testDataCleanup -->
  <testcase classname="TestCases.BaseClass" name="@BeforeTest TestDataSetup" time="0.0">
    <ignored/>
  </testcase> <!-- @BeforeTest TestDataSetup -->
</testsuite> <!-- Test -->
