<?xml version="1.0" encoding="UTF-8"?>
<!-- Generated by org.testng.reporters.JUnitXMLReporter -->
<testsuite hostname="LAPTOP-NTIC0IO9" ignored="0" name="Test" tests="3" failures="0" timestamp="18 Sep 2022 06:38:25 GMT" time="83.003" errors="0">
  <testcase name="Test1" time="23.927" classname="TestCases.SimpliLearnLoginTest"/>
  <testcase name="Test2" time="15.356" classname="TestCases.SimpliLearnLoginTest"/>
  <testcase name="Test3" time="22.636" classname="TestCases.SimpliLearnLoginTest"/>
</testsuite> <!-- Test -->
