<?xml version="1.0" encoding="UTF-8"?>
<!-- Generated by org.testng.reporters.JUnitXMLReporter -->
<testsuite hostname="LAPTOP-NTIC0IO9" ignored="0" name="Test" tests="3" failures="0" timestamp="2022-09-10T12:40:35 IST" time="61.613" errors="0">
  <testcase name="Test1" time="21.206" classname="TestCases.SimpliLearnLoginTest"/>
  <testcase name="Test2" time="22.996" classname="TestCases.SimpliLearnLoginTest"/>
  <testcase name="test1" time="0.0" classname="TestCases.HomeTest"/>
</testsuite> <!-- Test -->
