<?xml version="1.0" encoding="UTF-8"?>
<testng-results skipped="0" failed="0" ignored="0" total="3" passed="3">
  <reporter-output>
  </reporter-output>
  <suite name="Suite" duration-ms="61613" started-at="2022-09-10T12:39:33 IST" finished-at="2022-09-10T12:40:35 IST">
    <groups>
    </groups>
    <test name="Test" duration-ms="61613" started-at="2022-09-10T12:39:33 IST" finished-at="2022-09-10T12:40:35 IST">
      <class name="TestCases.SimpliLearnLoginTest">
        <test-method status="PASS" signature="testSetup()[pri:0, instance:TestCases.SimpliLearnLoginTest@3d99d22e]" name="testSetup" is-config="true" duration-ms="8274" started-at="2022-09-10T12:39:33 IST" finished-at="2022-09-10T12:39:41 IST">
          <reporter-output>
          </reporter-output>
        </test-method> <!-- testSetup -->
        <test-method status="PASS" signature="Test1()[pri:0, instance:TestCases.SimpliLearnLoginTest@3d99d22e]" name="Test1" duration-ms="21206" started-at="2022-09-10T12:39:41 IST" finished-at="2022-09-10T12:40:03 IST">
          <reporter-output>
          </reporter-output>
        </test-method> <!-- Test1 -->
        <test-method status="PASS" signature="TearDown()[pri:0, instance:TestCases.SimpliLearnLoginTest@3d99d22e]" name="TearDown" is-config="true" duration-ms="206" started-at="2022-09-10T12:40:03 IST" finished-at="2022-09-10T12:40:03 IST">
          <reporter-output>
          </reporter-output>
        </test-method> <!-- TearDown -->
        <test-method status="PASS" signature="testSetup()[pri:0, instance:TestCases.SimpliLearnLoginTest@3d99d22e]" name="testSetup" is-config="true" duration-ms="3976" started-at="2022-09-10T12:40:03 IST" finished-at="2022-09-10T12:40:07 IST">
          <reporter-output>
          </reporter-output>
        </test-method> <!-- testSetup -->
        <test-method status="PASS" signature="Test2()[pri:0, instance:TestCases.SimpliLearnLoginTest@3d99d22e]" name="Test2" duration-ms="22996" started-at="2022-09-10T12:40:07 IST" finished-at="2022-09-10T12:40:30 IST">
          <reporter-output>
          </reporter-output>
        </test-method> <!-- Test2 -->
        <test-method status="PASS" signature="TearDown()[pri:0, instance:TestCases.SimpliLearnLoginTest@3d99d22e]" name="TearDown" is-config="true" duration-ms="141" started-at="2022-09-10T12:40:30 IST" finished-at="2022-09-10T12:40:30 IST">
          <reporter-output>
          </reporter-output>
        </test-method> <!-- TearDown -->
      </class> <!-- TestCases.SimpliLearnLoginTest -->
      <class name="TestCases.HomeTest">
        <test-method status="PASS" signature="testSetup()[pri:0, instance:TestCases.HomeTest@5a1c0542]" name="testSetup" is-config="true" duration-ms="4527" started-at="2022-09-10T12:40:30 IST" finished-at="2022-09-10T12:40:34 IST">
          <reporter-output>
          </reporter-output>
        </test-method> <!-- testSetup -->
        <test-method status="PASS" signature="test1()[pri:0, instance:TestCases.HomeTest@5a1c0542]" name="test1" duration-ms="0" started-at="2022-09-10T12:40:34 IST" finished-at="2022-09-10T12:40:34 IST">
          <reporter-output>
          </reporter-output>
        </test-method> <!-- test1 -->
        <test-method status="PASS" signature="TearDown()[pri:0, instance:TestCases.HomeTest@5a1c0542]" name="TearDown" is-config="true" duration-ms="250" started-at="2022-09-10T12:40:34 IST" finished-at="2022-09-10T12:40:35 IST">
          <reporter-output>
          </reporter-output>
        </test-method> <!-- TearDown -->
      </class> <!-- TestCases.HomeTest -->
    </test> <!-- Test -->
  </suite> <!-- Suite -->
</testng-results>
