<?xml version="1.0" encoding="UTF-8"?>
<testng-results ignored="0" total="3" passed="3" failed="0" skipped="0">
  <reporter-output>
  </reporter-output>
  <suite started-at="2022-09-25T04:47:16Z" name="Suite" finished-at="2022-09-25T04:49:40Z" duration-ms="143664">
    <groups>
    </groups>
    <test started-at="2022-09-25T04:47:16Z" name="Test" finished-at="2022-09-25T04:49:40Z" duration-ms="143664">
      <class name="TestCases.SimpliLearnLoginTest">
        <test-method is-config="true" signature="TestDataSetup()[pri:0, instance:TestCases.SimpliLearnLoginTest@768fc0f2]" started-at="2022-09-25T04:47:16Z" name="TestDataSetup" finished-at="2022-09-25T04:47:17Z" duration-ms="1288" status="PASS">
          <reporter-output>
          </reporter-output>
        </test-method> <!-- TestDataSetup -->
        <test-method is-config="true" signature="testSetup(java.lang.reflect.Method)[pri:0, instance:TestCases.SimpliLearnLoginTest@768fc0f2]" started-at="2022-09-25T04:47:17Z" name="testSetup" finished-at="2022-09-25T04:47:29Z" duration-ms="11829" status="PASS">
          <params>
            <param index="0">
              <value>
                <![CDATA[public void TestCases.SimpliLearnLoginTest.Test1() throws java.lang.InterruptedException]]>
              </value>
            </param>
          </params>
          <reporter-output>
          </reporter-output>
        </test-method> <!-- testSetup -->
        <test-method signature="Test1()[pri:0, instance:TestCases.SimpliLearnLoginTest@768fc0f2]" started-at="2022-09-25T04:47:29Z" name="Test1" finished-at="2022-09-25T04:47:58Z" duration-ms="29077" status="PASS">
          <reporter-output>
          </reporter-output>
        </test-method> <!-- Test1 -->
        <test-method is-config="true" signature="TearDown()[pri:0, instance:TestCases.SimpliLearnLoginTest@768fc0f2]" started-at="2022-09-25T04:47:58Z" name="TearDown" finished-at="2022-09-25T04:47:58Z" duration-ms="151" status="PASS">
          <reporter-output>
          </reporter-output>
        </test-method> <!-- TearDown -->
        <test-method is-config="true" signature="testSetup(java.lang.reflect.Method)[pri:0, instance:TestCases.SimpliLearnLoginTest@768fc0f2]" started-at="2022-09-25T04:47:58Z" name="testSetup" finished-at="2022-09-25T04:48:06Z" duration-ms="7211" status="PASS">
          <params>
            <param index="0">
              <value>
                <![CDATA[public void TestCases.SimpliLearnLoginTest.Test2(java.lang.String,java.lang.String) throws java.lang.InterruptedException]]>
              </value>
            </param>
          </params>
          <reporter-output>
          </reporter-output>
        </test-method> <!-- testSetup -->
        <test-method signature="Test2(java.lang.String, java.lang.String)[pri:0, instance:TestCases.SimpliLearnLoginTest@768fc0f2]" started-at="2022-09-25T04:48:06Z" name="Test2" finished-at="2022-09-25T04:48:33Z" duration-ms="27725" status="PASS">
          <params>
            <param index="0">
              <value>
                <![CDATA[abc@xyz.com]]>
              </value>
            </param>
            <param index="1">
              <value>
                <![CDATA[Abc@1234]]>
              </value>
            </param>
          </params>
          <reporter-output>
          </reporter-output>
        </test-method> <!-- Test2 -->
        <test-method is-config="true" signature="TearDown()[pri:0, instance:TestCases.SimpliLearnLoginTest@768fc0f2]" started-at="2022-09-25T04:48:33Z" name="TearDown" finished-at="2022-09-25T04:48:34Z" duration-ms="237" status="PASS">
          <reporter-output>
          </reporter-output>
        </test-method> <!-- TearDown -->
        <test-method is-config="true" signature="testSetup(java.lang.reflect.Method)[pri:0, instance:TestCases.SimpliLearnLoginTest@768fc0f2]" started-at="2022-09-25T04:48:34Z" name="testSetup" finished-at="2022-09-25T04:48:41Z" duration-ms="7744" status="PASS">
          <params>
            <param index="0">
              <value>
                <![CDATA[public void TestCases.SimpliLearnLoginTest.Test3() throws java.lang.InterruptedException]]>
              </value>
            </param>
          </params>
          <reporter-output>
          </reporter-output>
        </test-method> <!-- testSetup -->
        <test-method signature="Test3()[pri:0, instance:TestCases.SimpliLearnLoginTest@768fc0f2]" started-at="2022-09-25T04:48:41Z" name="Test3" finished-at="2022-09-25T04:49:38Z" duration-ms="56819" status="PASS">
          <reporter-output>
          </reporter-output>
        </test-method> <!-- Test3 -->
        <test-method is-config="true" signature="TearDown()[pri:0, instance:TestCases.SimpliLearnLoginTest@768fc0f2]" started-at="2022-09-25T04:49:38Z" name="TearDown" finished-at="2022-09-25T04:49:39Z" duration-ms="617" status="PASS">
          <reporter-output>
          </reporter-output>
        </test-method> <!-- TearDown -->
        <test-method is-config="true" signature="testDataCleanup()[pri:0, instance:TestCases.SimpliLearnLoginTest@768fc0f2]" started-at="2022-09-25T04:49:39Z" name="testDataCleanup" finished-at="2022-09-25T04:49:40Z" duration-ms="795" status="PASS">
          <reporter-output>
          </reporter-output>
        </test-method> <!-- testDataCleanup -->
      </class> <!-- TestCases.SimpliLearnLoginTest -->
    </test> <!-- Test -->
  </suite> <!-- Suite -->
</testng-results>
